<?xml version="1.0" encoding="UTF-8"?>
<!-- Generated by org.testng.reporters.JUnitReportReporter -->
<testsuite skipped="0" hostname="LAPTOP-UI8T4QKV" name="com.MavenPro3.MavenThree.MyClassTest" tests="1" failures="0" timestamp="10 Oct 2018 11:52:47 GMT" time="0.034" errors="0">
  <testcase name="openBrowser" time="0.034" classname="com.MavenPro3.MavenThree.MyClassTest"/>
</testsuite> <!-- com.MavenPro3.MavenThree.MyClassTest -->
