<?xml version="1.0" encoding="UTF-8"?>
<!-- Generated by org.testng.reporters.JUnitReportReporter -->
<testsuite skipped="0" hostname="LAPTOP-UI8T4QKV" name="com.TestNgsuits.Test2" tests="1" failures="0" timestamp="13 Feb 2019 10:07:30 GMT" time="0.004" errors="0">
  <testcase name="sample2" time="0.004" classname="com.TestNgsuits.Test2"/>
</testsuite> <!-- com.TestNgsuits.Test2 -->
