<?xml version="1.0" encoding="UTF-8"?>
<!-- Generated by org.testng.reporters.JUnitReportReporter -->
<testsuite hostname="LAPTOP-UI8T4QKV" name="com.Test.Test1" tests="1" failures="0" timestamp="15 Feb 2019 07:45:22 GMT" time="0.043" errors="0">
  <testcase name="test1" time="0.043" classname="com.Test.Test1"/>
</testsuite> <!-- com.Test.Test1 -->
