<?xml version="1.0" encoding="UTF-8"?>
<!-- Generated by org.testng.reporters.JUnitReportReporter -->
<testsuite hostname="LAPTOP-UI8T4QKV" name="com.Test.test2" tests="1" failures="0" timestamp="15 Feb 2019 07:45:22 GMT" time="0.005" errors="0">
  <testcase name="abc" time="0.005" classname="com.Test.test2"/>
</testsuite> <!-- com.Test.test2 -->
